<?xml version="1.0" encoding="UTF-8"?>
<coverage generated="1607767786239" clover="3.2.0">
  <project timestamp="1607767786239" name="All files">
    <metrics statements="75" coveredstatements="61" conditionals="12" coveredconditionals="9" methods="39" coveredmethods="28" elements="126" coveredelements="98" complexity="0" loc="75" ncloc="75" packages="4" files="7" classes="7"/>
    <package name="src">
      <metrics statements="1" coveredstatements="1" conditionals="0" coveredconditionals="0" methods="0" coveredmethods="0"/>
      <file name="constants.js" path="/Users/jpmeyer/dev/tangent/vuma/prac/vuma-installations/src/constants.js">
        <metrics statements="1" coveredstatements="1" conditionals="0" coveredconditionals="0" methods="0" coveredmethods="0"/>
        <line num="1" count="3" type="stmt"/>
      </file>
    </package>
    <package name="src.components">
      <metrics statements="14" coveredstatements="7" conditionals="2" coveredconditionals="2" methods="11" coveredmethods="4"/>
      <file name="InstallationHistory.vue" path="/Users/jpmeyer/dev/tangent/vuma/prac/vuma-installations/src/components/InstallationHistory.vue">
        <metrics statements="4" coveredstatements="1" conditionals="0" coveredconditionals="0" methods="3" coveredmethods="0"/>
        <line num="8" count="1" type="stmt"/>
        <line num="20" count="0" type="stmt"/>
        <line num="24" count="0" type="stmt"/>
        <line num="30" count="0" type="stmt"/>
      </file>
      <file name="InstallationsList.vue" path="/Users/jpmeyer/dev/tangent/vuma/prac/vuma-installations/src/components/InstallationsList.vue">
        <metrics statements="10" coveredstatements="6" conditionals="2" coveredconditionals="2" methods="8" coveredmethods="4"/>
        <line num="21" count="2" type="stmt"/>
        <line num="34" count="7" type="cond" truecount="2" falsecount="0"/>
        <line num="36" count="7" type="stmt"/>
        <line num="40" count="4" type="stmt"/>
        <line num="47" count="0" type="stmt"/>
        <line num="52" count="0" type="stmt"/>
        <line num="57" count="0" type="stmt"/>
        <line num="62" count="0" type="stmt"/>
        <line num="73" count="4" type="stmt"/>
        <line num="78" count="1" type="stmt"/>
      </file>
    </package>
    <package name="src.mixins">
      <metrics statements="3" coveredstatements="3" conditionals="0" coveredconditionals="0" methods="2" coveredmethods="2"/>
      <file name="TablesMixin.js" path="/Users/jpmeyer/dev/tangent/vuma/prac/vuma-installations/src/mixins/TablesMixin.js">
        <metrics statements="3" coveredstatements="3" conditionals="0" coveredconditionals="0" methods="2" coveredmethods="2"/>
        <line num="6" count="2" type="stmt"/>
        <line num="12" count="2" type="stmt"/>
        <line num="15" count="4" type="stmt"/>
      </file>
    </package>
    <package name="src.pages">
      <metrics statements="57" coveredstatements="50" conditionals="10" coveredconditionals="7" methods="26" coveredmethods="22"/>
      <file name="InstallationList.vue" path="/Users/jpmeyer/dev/tangent/vuma/prac/vuma-installations/src/pages/InstallationList.vue">
        <metrics statements="23" coveredstatements="20" conditionals="2" coveredconditionals="1" methods="10" coveredmethods="8"/>
        <line num="39" count="1" type="stmt"/>
        <line num="40" count="1" type="stmt"/>
        <line num="41" count="1" type="stmt"/>
        <line num="49" count="3" type="stmt"/>
        <line num="68" count="5" type="stmt"/>
        <line num="69" count="5" type="stmt"/>
        <line num="70" count="5" type="cond" truecount="1" falsecount="1"/>
        <line num="71" count="0" type="stmt"/>
        <line num="74" count="5" type="stmt"/>
        <line num="77" count="3" type="stmt"/>
        <line num="78" count="3" type="stmt"/>
        <line num="82" count="1" type="stmt"/>
        <line num="83" count="1" type="stmt"/>
        <line num="84" count="1" type="stmt"/>
        <line num="85" count="1" type="stmt"/>
        <line num="88" count="1" type="stmt"/>
        <line num="89" count="1" type="stmt"/>
        <line num="93" count="1" type="stmt"/>
        <line num="94" count="1" type="stmt"/>
        <line num="97" count="1" type="stmt"/>
        <line num="100" count="0" type="stmt"/>
        <line num="104" count="3" type="stmt"/>
        <line num="108" count="0" type="stmt"/>
      </file>
      <file name="NewInstallation.vue" path="/Users/jpmeyer/dev/tangent/vuma/prac/vuma-installations/src/pages/NewInstallation.vue">
        <metrics statements="15" coveredstatements="13" conditionals="6" coveredconditionals="5" methods="6" coveredmethods="5"/>
        <line num="42" count="1" type="stmt"/>
        <line num="47" count="3" type="stmt"/>
        <line num="61" count="0" type="stmt"/>
        <line num="64" count="3" type="cond" truecount="2" falsecount="0"/>
        <line num="65" count="3" type="cond" truecount="2" falsecount="0"/>
        <line num="66" count="1" type="stmt"/>
        <line num="69" count="2" type="stmt"/>
        <line num="70" count="2" type="stmt"/>
        <line num="80" count="1" type="cond" truecount="1" falsecount="1"/>
        <line num="81" count="1" type="stmt"/>
        <line num="83" count="0" type="stmt"/>
        <line num="86" count="1" type="stmt"/>
        <line num="87" count="1" type="stmt"/>
        <line num="89" count="1" type="stmt"/>
        <line num="90" count="1" type="stmt"/>
      </file>
      <file name="UpdateInstallation.vue" path="/Users/jpmeyer/dev/tangent/vuma/prac/vuma-installations/src/pages/UpdateInstallation.vue">
        <metrics statements="19" coveredstatements="17" conditionals="2" coveredconditionals="1" methods="10" coveredmethods="9"/>
        <line num="60" count="1" type="stmt"/>
        <line num="61" count="1" type="stmt"/>
        <line num="67" count="4" type="stmt"/>
        <line num="86" count="0" type="stmt"/>
        <line num="89" count="6" type="stmt"/>
        <line num="90" count="6" type="stmt"/>
        <line num="92" count="4" type="cond" truecount="1" falsecount="1"/>
        <line num="93" count="4" type="stmt"/>
        <line num="95" count="0" type="stmt"/>
        <line num="99" count="2" type="stmt"/>
        <line num="100" count="2" type="stmt"/>
        <line num="103" count="4" type="stmt"/>
        <line num="107" count="2" type="stmt"/>
        <line num="108" count="2" type="stmt"/>
        <line num="120" count="1" type="stmt"/>
        <line num="121" count="1" type="stmt"/>
        <line num="124" count="1" type="stmt"/>
        <line num="125" count="1" type="stmt"/>
        <line num="130" count="4" type="stmt"/>
      </file>
    </package>
  </project>
</coverage>
