{"/Users/jpmeyer/dev/tangent/vuma/prac/vuma-installations/src/constants.js": {"path":"/Users/jpmeyer/dev/tangent/vuma/prac/vuma-installations/src/constants.js","statementMap":{"0":{"start":{"line":1,"column":24},"end":{"line":1,"column":47}}},"fnMap":{},"branchMap":{},"s":{"0":3},"f":{},"b":{},"_coverageSchema":"43e27e138ebf9cfc5966b082cf9a028302ed4184","hash":"496062e44208e8ffaa547f7a3bc56f0b2fbce702"}
,"/Users/jpmeyer/dev/tangent/vuma/prac/vuma-installations/src/components/InstallationHistory.vue": {"path":"/Users/jpmeyer/dev/tangent/vuma/prac/vuma-installations/src/components/InstallationHistory.vue","statementMap":{"0":{"start":{"line":8,"column":0},"end":{"line":8,"column":null}},"1":{"start":{"line":20,"column":0},"end":{"line":20,"column":null}},"2":{"start":{"line":24,"column":0},"end":{"line":24,"column":null}},"3":{"start":{"line":30,"column":0},"end":{"line":30,"column":null}}},"fnMap":{"0":{"name":"(anonymous_1)","decl":{"start":{"line":19,"column":0},"end":{"line":19,"column":null}},"loc":{"start":{"line":19,"column":0},"end":{"line":35,"column":null}}},"1":{"name":"(anonymous_2)","decl":{"start":{"line":23,"column":0},"end":{"line":23,"column":null}},"loc":{"start":{"line":23,"column":0},"end":{"line":25,"column":null}}},"2":{"name":"(anonymous_3)","decl":{"start":{"line":29,"column":0},"end":{"line":29,"column":null}},"loc":{"start":{"line":29,"column":0},"end":{"line":31,"column":null}}}},"branchMap":{},"s":{"0":1,"1":0,"2":0,"3":0},"f":{"0":0,"1":0,"2":0},"b":{}}
,"/Users/jpmeyer/dev/tangent/vuma/prac/vuma-installations/src/components/InstallationsList.vue": {"path":"/Users/jpmeyer/dev/tangent/vuma/prac/vuma-installations/src/components/InstallationsList.vue","statementMap":{"0":{"start":{"line":21,"column":0},"end":{"line":21,"column":null}},"1":{"start":{"line":34,"column":0},"end":{"line":34,"column":null}},"2":{"start":{"line":36,"column":0},"end":{"line":36,"column":null}},"3":{"start":{"line":40,"column":0},"end":{"line":40,"column":null}},"4":{"start":{"line":47,"column":0},"end":{"line":47,"column":null}},"5":{"start":{"line":52,"column":0},"end":{"line":52,"column":null}},"6":{"start":{"line":57,"column":0},"end":{"line":57,"column":null}},"7":{"start":{"line":62,"column":0},"end":{"line":62,"column":null}},"8":{"start":{"line":73,"column":0},"end":{"line":73,"column":null}},"9":{"start":{"line":78,"column":0},"end":{"line":78,"column":null}}},"fnMap":{"0":{"name":"(anonymous_1)","decl":{"start":{"line":33,"column":0},"end":{"line":33,"column":null}},"loc":{"start":{"line":33,"column":0},"end":{"line":37,"column":null}}},"1":{"name":"(anonymous_2)","decl":{"start":{"line":39,"column":0},"end":{"line":39,"column":null}},"loc":{"start":{"line":39,"column":0},"end":{"line":70,"column":null}}},"2":{"name":"(anonymous_3)","decl":{"start":{"line":46,"column":0},"end":{"line":46,"column":null}},"loc":{"start":{"line":46,"column":0},"end":{"line":48,"column":null}}},"3":{"name":"(anonymous_4)","decl":{"start":{"line":51,"column":0},"end":{"line":51,"column":null}},"loc":{"start":{"line":51,"column":0},"end":{"line":53,"column":null}}},"4":{"name":"(anonymous_5)","decl":{"start":{"line":56,"column":0},"end":{"line":56,"column":null}},"loc":{"start":{"line":56,"column":0},"end":{"line":58,"column":null}}},"5":{"name":"(anonymous_6)","decl":{"start":{"line":61,"column":0},"end":{"line":61,"column":null}},"loc":{"start":{"line":61,"column":0},"end":{"line":63,"column":null}}},"6":{"name":"(anonymous_7)","decl":{"start":{"line":72,"column":0},"end":{"line":72,"column":null}},"loc":{"start":{"line":72,"column":0},"end":{"line":74,"column":null}}},"7":{"name":"(anonymous_8)","decl":{"start":{"line":77,"column":0},"end":{"line":77,"column":null}},"loc":{"start":{"line":77,"column":0},"end":{"line":79,"column":null}}}},"branchMap":{"0":{"loc":{"start":{"line":34,"column":0},"end":{"line":34,"column":null}},"type":"cond-expr","locations":[{"start":{"line":34,"column":0},"end":{"line":34,"column":null}},{"start":{"line":34,"column":0},"end":{"line":34,"column":null}}]}},"s":{"0":2,"1":7,"2":7,"3":4,"4":0,"5":0,"6":0,"7":0,"8":4,"9":1},"f":{"0":7,"1":4,"2":0,"3":0,"4":0,"5":0,"6":4,"7":1},"b":{"0":[6,1]}}
,"/Users/jpmeyer/dev/tangent/vuma/prac/vuma-installations/src/mixins/TablesMixin.js": {"path":"/Users/jpmeyer/dev/tangent/vuma/prac/vuma-installations/src/mixins/TablesMixin.js","statementMap":{"0":{"start":{"line":6,"column":36},"end":{"line":11,"column":13}},"1":{"start":{"line":12,"column":12},"end":{"line":12,"column":43}},"2":{"start":{"line":15,"column":12},"end":{"line":15,"column":58}}},"fnMap":{"0":{"name":"(anonymous_0)","decl":{"start":{"line":5,"column":8},"end":{"line":5,"column":9}},"loc":{"start":{"line":5,"column":32},"end":{"line":13,"column":9}},"line":5},"1":{"name":"(anonymous_1)","decl":{"start":{"line":14,"column":8},"end":{"line":14,"column":9}},"loc":{"start":{"line":14,"column":28},"end":{"line":16,"column":9}},"line":14}},"branchMap":{},"s":{"0":2,"1":2,"2":4},"f":{"0":2,"1":4},"b":{},"_coverageSchema":"43e27e138ebf9cfc5966b082cf9a028302ed4184","hash":"9d012d29d0c896ec59cf46870e03d1bcff721097"}
,"/Users/jpmeyer/dev/tangent/vuma/prac/vuma-installations/src/pages/InstallationList.vue": {"path":"/Users/jpmeyer/dev/tangent/vuma/prac/vuma-installations/src/pages/InstallationList.vue","statementMap":{"0":{"start":{"line":39,"column":0},"end":{"line":39,"column":null}},"1":{"start":{"line":40,"column":0},"end":{"line":40,"column":null}},"2":{"start":{"line":41,"column":0},"end":{"line":41,"column":null}},"3":{"start":{"line":49,"column":0},"end":{"line":49,"column":null}},"4":{"start":{"line":68,"column":0},"end":{"line":68,"column":null}},"5":{"start":{"line":69,"column":0},"end":{"line":69,"column":null}},"6":{"start":{"line":70,"column":0},"end":{"line":72,"column":null}},"7":{"start":{"line":71,"column":0},"end":{"line":71,"column":null}},"8":{"start":{"line":74,"column":0},"end":{"line":79,"column":null}},"9":{"start":{"line":74,"column":0},"end":{"line":74,"column":null}},"10":{"start":{"line":77,"column":0},"end":{"line":77,"column":null}},"11":{"start":{"line":78,"column":0},"end":{"line":78,"column":null}},"12":{"start":{"line":82,"column":0},"end":{"line":82,"column":null}},"13":{"start":{"line":83,"column":0},"end":{"line":83,"column":null}},"14":{"start":{"line":84,"column":0},"end":{"line":84,"column":null}},"15":{"start":{"line":85,"column":0},"end":{"line":90,"column":null}},"16":{"start":{"line":85,"column":0},"end":{"line":85,"column":null}},"17":{"start":{"line":88,"column":0},"end":{"line":88,"column":null}},"18":{"start":{"line":89,"column":0},"end":{"line":89,"column":null}},"19":{"start":{"line":93,"column":0},"end":{"line":93,"column":null}},"20":{"start":{"line":94,"column":0},"end":{"line":94,"column":null}},"21":{"start":{"line":97,"column":0},"end":{"line":97,"column":null}},"22":{"start":{"line":100,"column":0},"end":{"line":100,"column":null}},"23":{"start":{"line":104,"column":0},"end":{"line":104,"column":null}},"24":{"start":{"line":108,"column":0},"end":{"line":108,"column":null}}},"fnMap":{"0":{"name":"(anonymous_1)","decl":{"start":{"line":48,"column":0},"end":{"line":48,"column":null}},"loc":{"start":{"line":48,"column":0},"end":{"line":65,"column":null}}},"1":{"name":"(anonymous_2)","decl":{"start":{"line":67,"column":0},"end":{"line":67,"column":null}},"loc":{"start":{"line":67,"column":0},"end":{"line":80,"column":null}}},"2":{"name":"(anonymous_3)","decl":{"start":{"line":74,"column":0},"end":{"line":74,"column":null}},"loc":{"start":{"line":74,"column":0},"end":{"line":74,"column":null}}},"3":{"name":"(anonymous_5)","decl":{"start":{"line":81,"column":0},"end":{"line":81,"column":null}},"loc":{"start":{"line":81,"column":0},"end":{"line":91,"column":null}}},"4":{"name":"(anonymous_6)","decl":{"start":{"line":85,"column":0},"end":{"line":85,"column":null}},"loc":{"start":{"line":85,"column":0},"end":{"line":85,"column":null}}},"5":{"name":"(anonymous_8)","decl":{"start":{"line":92,"column":0},"end":{"line":92,"column":null}},"loc":{"start":{"line":92,"column":0},"end":{"line":95,"column":null}}},"6":{"name":"(anonymous_9)","decl":{"start":{"line":96,"column":0},"end":{"line":96,"column":null}},"loc":{"start":{"line":96,"column":0},"end":{"line":98,"column":null}}},"7":{"name":"(anonymous_10)","decl":{"start":{"line":99,"column":0},"end":{"line":99,"column":null}},"loc":{"start":{"line":99,"column":0},"end":{"line":101,"column":null}}},"8":{"name":"(anonymous_11)","decl":{"start":{"line":103,"column":0},"end":{"line":103,"column":null}},"loc":{"start":{"line":103,"column":0},"end":{"line":105,"column":null}}},"9":{"name":"(anonymous_12)","decl":{"start":{"line":107,"column":0},"end":{"line":107,"column":null}},"loc":{"start":{"line":107,"column":0},"end":{"line":109,"column":null}}}},"branchMap":{"0":{"loc":{"start":{"line":70,"column":0},"end":{"line":72,"column":null}},"type":"if","locations":[{"start":{"line":70,"column":0},"end":{"line":72,"column":null}},{"start":{"line":70,"column":0},"end":{"line":72,"column":null}}]}},"s":{"0":1,"1":1,"2":1,"3":3,"4":5,"5":5,"6":5,"7":0,"8":5,"9":5,"10":3,"11":3,"12":1,"13":1,"14":1,"15":1,"16":1,"17":1,"18":1,"19":1,"20":1,"21":1,"22":0,"23":3,"24":0},"f":{"0":3,"1":5,"2":8,"3":1,"4":2,"5":1,"6":1,"7":0,"8":3,"9":0},"b":{"0":[0,5]}}
,"/Users/jpmeyer/dev/tangent/vuma/prac/vuma-installations/src/pages/NewInstallation.vue": {"path":"/Users/jpmeyer/dev/tangent/vuma/prac/vuma-installations/src/pages/NewInstallation.vue","statementMap":{"0":{"start":{"line":42,"column":0},"end":{"line":42,"column":null}},"1":{"start":{"line":47,"column":0},"end":{"line":47,"column":null}},"2":{"start":{"line":61,"column":0},"end":{"line":61,"column":null}},"3":{"start":{"line":64,"column":0},"end":{"line":64,"column":null}},"4":{"start":{"line":65,"column":0},"end":{"line":67,"column":null}},"5":{"start":{"line":66,"column":0},"end":{"line":66,"column":null}},"6":{"start":{"line":69,"column":0},"end":{"line":69,"column":null}},"7":{"start":{"line":70,"column":0},"end":{"line":91,"column":null}},"8":{"start":{"line":80,"column":0},"end":{"line":84,"column":null}},"9":{"start":{"line":81,"column":0},"end":{"line":81,"column":null}},"10":{"start":{"line":83,"column":0},"end":{"line":83,"column":null}},"11":{"start":{"line":86,"column":0},"end":{"line":86,"column":null}},"12":{"start":{"line":87,"column":0},"end":{"line":87,"column":null}},"13":{"start":{"line":89,"column":0},"end":{"line":89,"column":null}},"14":{"start":{"line":90,"column":0},"end":{"line":90,"column":null}}},"fnMap":{"0":{"name":"(anonymous_1)","decl":{"start":{"line":46,"column":0},"end":{"line":46,"column":null}},"loc":{"start":{"line":46,"column":0},"end":{"line":58,"column":null}}},"1":{"name":"(anonymous_2)","decl":{"start":{"line":60,"column":0},"end":{"line":60,"column":null}},"loc":{"start":{"line":60,"column":0},"end":{"line":62,"column":null}}},"2":{"name":"(anonymous_3)","decl":{"start":{"line":63,"column":0},"end":{"line":63,"column":null}},"loc":{"start":{"line":63,"column":0},"end":{"line":92,"column":null}}},"3":{"name":"(anonymous_4)","decl":{"start":{"line":70,"column":0},"end":{"line":70,"column":null}},"loc":{"start":{"line":70,"column":0},"end":{"line":85,"column":null}}},"4":{"name":"(anonymous_5)","decl":{"start":{"line":85,"column":0},"end":{"line":85,"column":null}},"loc":{"start":{"line":85,"column":0},"end":{"line":88,"column":null}}},"5":{"name":"(anonymous_6)","decl":{"start":{"line":88,"column":0},"end":{"line":88,"column":null}},"loc":{"start":{"line":88,"column":0},"end":{"line":91,"column":null}}}},"branchMap":{"0":{"loc":{"start":{"line":64,"column":0},"end":{"line":64,"column":null}},"type":"binary-expr","locations":[{"start":{"line":64,"column":0},"end":{"line":64,"column":null}},{"start":{"line":64,"column":0},"end":{"line":64,"column":null}}]},"1":{"loc":{"start":{"line":65,"column":0},"end":{"line":67,"column":null}},"type":"if","locations":[{"start":{"line":65,"column":0},"end":{"line":67,"column":null}},{"start":{"line":65,"column":0},"end":{"line":67,"column":null}}]},"2":{"loc":{"start":{"line":80,"column":0},"end":{"line":84,"column":null}},"type":"if","locations":[{"start":{"line":80,"column":0},"end":{"line":84,"column":null}},{"start":{"line":80,"column":0},"end":{"line":84,"column":null}}]}},"s":{"0":1,"1":3,"2":0,"3":3,"4":3,"5":1,"6":2,"7":2,"8":1,"9":1,"10":0,"11":1,"12":1,"13":1,"14":1},"f":{"0":3,"1":0,"2":3,"3":1,"4":1,"5":1},"b":{"0":[3,2],"1":[1,2],"2":[1,0]}}
,"/Users/jpmeyer/dev/tangent/vuma/prac/vuma-installations/src/pages/UpdateInstallation.vue": {"path":"/Users/jpmeyer/dev/tangent/vuma/prac/vuma-installations/src/pages/UpdateInstallation.vue","statementMap":{"0":{"start":{"line":60,"column":0},"end":{"line":60,"column":null}},"1":{"start":{"line":61,"column":0},"end":{"line":61,"column":null}},"2":{"start":{"line":67,"column":0},"end":{"line":67,"column":null}},"3":{"start":{"line":86,"column":0},"end":{"line":86,"column":null}},"4":{"start":{"line":89,"column":0},"end":{"line":89,"column":null}},"5":{"start":{"line":90,"column":0},"end":{"line":104,"column":null}},"6":{"start":{"line":92,"column":0},"end":{"line":96,"column":null}},"7":{"start":{"line":93,"column":0},"end":{"line":93,"column":null}},"8":{"start":{"line":95,"column":0},"end":{"line":95,"column":null}},"9":{"start":{"line":99,"column":0},"end":{"line":99,"column":null}},"10":{"start":{"line":100,"column":0},"end":{"line":100,"column":null}},"11":{"start":{"line":103,"column":0},"end":{"line":103,"column":null}},"12":{"start":{"line":107,"column":0},"end":{"line":107,"column":null}},"13":{"start":{"line":108,"column":0},"end":{"line":126,"column":null}},"14":{"start":{"line":120,"column":0},"end":{"line":120,"column":null}},"15":{"start":{"line":121,"column":0},"end":{"line":121,"column":null}},"16":{"start":{"line":124,"column":0},"end":{"line":124,"column":null}},"17":{"start":{"line":125,"column":0},"end":{"line":125,"column":null}},"18":{"start":{"line":130,"column":0},"end":{"line":130,"column":null}}},"fnMap":{"0":{"name":"(anonymous_1)","decl":{"start":{"line":66,"column":0},"end":{"line":66,"column":null}},"loc":{"start":{"line":66,"column":0},"end":{"line":83,"column":null}}},"1":{"name":"(anonymous_2)","decl":{"start":{"line":85,"column":0},"end":{"line":85,"column":null}},"loc":{"start":{"line":85,"column":0},"end":{"line":87,"column":null}}},"2":{"name":"(anonymous_3)","decl":{"start":{"line":88,"column":0},"end":{"line":88,"column":null}},"loc":{"start":{"line":88,"column":0},"end":{"line":105,"column":null}}},"3":{"name":"(anonymous_4)","decl":{"start":{"line":90,"column":0},"end":{"line":90,"column":null}},"loc":{"start":{"line":90,"column":0},"end":{"line":97,"column":null}}},"4":{"name":"(anonymous_5)","decl":{"start":{"line":97,"column":0},"end":{"line":97,"column":null}},"loc":{"start":{"line":97,"column":0},"end":{"line":101,"column":null}}},"5":{"name":"(anonymous_6)","decl":{"start":{"line":101,"column":0},"end":{"line":101,"column":null}},"loc":{"start":{"line":101,"column":0},"end":{"line":104,"column":null}}},"6":{"name":"(anonymous_7)","decl":{"start":{"line":106,"column":0},"end":{"line":106,"column":null}},"loc":{"start":{"line":106,"column":0},"end":{"line":127,"column":null}}},"7":{"name":"(anonymous_8)","decl":{"start":{"line":108,"column":0},"end":{"line":108,"column":null}},"loc":{"start":{"line":108,"column":0},"end":{"line":122,"column":null}}},"8":{"name":"(anonymous_9)","decl":{"start":{"line":122,"column":0},"end":{"line":122,"column":null}},"loc":{"start":{"line":122,"column":0},"end":{"line":126,"column":null}}},"9":{"name":"(anonymous_10)","decl":{"start":{"line":129,"column":0},"end":{"line":129,"column":null}},"loc":{"start":{"line":129,"column":0},"end":{"line":131,"column":null}}}},"branchMap":{"0":{"loc":{"start":{"line":92,"column":0},"end":{"line":96,"column":null}},"type":"if","locations":[{"start":{"line":92,"column":0},"end":{"line":96,"column":null}},{"start":{"line":92,"column":0},"end":{"line":96,"column":null}}]}},"s":{"0":1,"1":1,"2":4,"3":0,"4":6,"5":6,"6":4,"7":4,"8":0,"9":2,"10":2,"11":4,"12":2,"13":2,"14":1,"15":1,"16":1,"17":1,"18":4},"f":{"0":4,"1":0,"2":6,"3":4,"4":2,"5":4,"6":2,"7":1,"8":1,"9":4},"b":{"0":[4,0]}}
}
