TN:
SF:/Users/jpmeyer/dev/tangent/vuma/prac/vuma-installations/src/constants.js
FNF:0
FNH:0
DA:1,3
LF:1
LH:1
BRF:0
BRH:0
end_of_record
TN:
SF:/Users/jpmeyer/dev/tangent/vuma/prac/vuma-installations/src/components/InstallationHistory.vue
FN:19,(anonymous_1)
FN:23,(anonymous_2)
FN:29,(anonymous_3)
FNF:3
FNH:0
FNDA:0,(anonymous_1)
FNDA:0,(anonymous_2)
FNDA:0,(anonymous_3)
DA:8,1
DA:20,0
DA:24,0
DA:30,0
LF:4
LH:1
BRF:0
BRH:0
end_of_record
TN:
SF:/Users/jpmeyer/dev/tangent/vuma/prac/vuma-installations/src/components/InstallationsList.vue
FN:33,(anonymous_1)
FN:39,(anonymous_2)
FN:46,(anonymous_3)
FN:51,(anonymous_4)
FN:56,(anonymous_5)
FN:61,(anonymous_6)
FN:72,(anonymous_7)
FN:77,(anonymous_8)
FNF:8
FNH:4
FNDA:7,(anonymous_1)
FNDA:4,(anonymous_2)
FNDA:0,(anonymous_3)
FNDA:0,(anonymous_4)
FNDA:0,(anonymous_5)
FNDA:0,(anonymous_6)
FNDA:4,(anonymous_7)
FNDA:1,(anonymous_8)
DA:21,2
DA:34,7
DA:36,7
DA:40,4
DA:47,0
DA:52,0
DA:57,0
DA:62,0
DA:73,4
DA:78,1
LF:10
LH:6
BRDA:34,0,0,6
BRDA:34,0,1,1
BRF:2
BRH:2
end_of_record
TN:
SF:/Users/jpmeyer/dev/tangent/vuma/prac/vuma-installations/src/mixins/TablesMixin.js
FN:5,(anonymous_0)
FN:14,(anonymous_1)
FNF:2
FNH:2
FNDA:2,(anonymous_0)
FNDA:4,(anonymous_1)
DA:6,2
DA:12,2
DA:15,4
LF:3
LH:3
BRF:0
BRH:0
end_of_record
TN:
SF:/Users/jpmeyer/dev/tangent/vuma/prac/vuma-installations/src/pages/InstallationList.vue
FN:48,(anonymous_1)
FN:67,(anonymous_2)
FN:74,(anonymous_3)
FN:81,(anonymous_5)
FN:85,(anonymous_6)
FN:92,(anonymous_8)
FN:96,(anonymous_9)
FN:99,(anonymous_10)
FN:103,(anonymous_11)
FN:107,(anonymous_12)
FNF:10
FNH:8
FNDA:3,(anonymous_1)
FNDA:5,(anonymous_2)
FNDA:8,(anonymous_3)
FNDA:1,(anonymous_5)
FNDA:2,(anonymous_6)
FNDA:1,(anonymous_8)
FNDA:1,(anonymous_9)
FNDA:0,(anonymous_10)
FNDA:3,(anonymous_11)
FNDA:0,(anonymous_12)
DA:39,1
DA:40,1
DA:41,1
DA:49,3
DA:68,5
DA:69,5
DA:70,5
DA:71,0
DA:74,5
DA:77,3
DA:78,3
DA:82,1
DA:83,1
DA:84,1
DA:85,1
DA:88,1
DA:89,1
DA:93,1
DA:94,1
DA:97,1
DA:100,0
DA:104,3
DA:108,0
LF:23
LH:20
BRDA:70,0,0,0
BRDA:70,0,1,5
BRF:2
BRH:1
end_of_record
TN:
SF:/Users/jpmeyer/dev/tangent/vuma/prac/vuma-installations/src/pages/NewInstallation.vue
FN:46,(anonymous_1)
FN:60,(anonymous_2)
FN:63,(anonymous_3)
FN:70,(anonymous_4)
FN:85,(anonymous_5)
FN:88,(anonymous_6)
FNF:6
FNH:5
FNDA:3,(anonymous_1)
FNDA:0,(anonymous_2)
FNDA:3,(anonymous_3)
FNDA:1,(anonymous_4)
FNDA:1,(anonymous_5)
FNDA:1,(anonymous_6)
DA:42,1
DA:47,3
DA:61,0
DA:64,3
DA:65,3
DA:66,1
DA:69,2
DA:70,2
DA:80,1
DA:81,1
DA:83,0
DA:86,1
DA:87,1
DA:89,1
DA:90,1
LF:15
LH:13
BRDA:64,0,0,3
BRDA:64,0,1,2
BRDA:65,1,0,1
BRDA:65,1,1,2
BRDA:80,2,0,1
BRDA:80,2,1,0
BRF:6
BRH:5
end_of_record
TN:
SF:/Users/jpmeyer/dev/tangent/vuma/prac/vuma-installations/src/pages/UpdateInstallation.vue
FN:66,(anonymous_1)
FN:85,(anonymous_2)
FN:88,(anonymous_3)
FN:90,(anonymous_4)
FN:97,(anonymous_5)
FN:101,(anonymous_6)
FN:106,(anonymous_7)
FN:108,(anonymous_8)
FN:122,(anonymous_9)
FN:129,(anonymous_10)
FNF:10
FNH:9
FNDA:4,(anonymous_1)
FNDA:0,(anonymous_2)
FNDA:6,(anonymous_3)
FNDA:4,(anonymous_4)
FNDA:2,(anonymous_5)
FNDA:4,(anonymous_6)
FNDA:2,(anonymous_7)
FNDA:1,(anonymous_8)
FNDA:1,(anonymous_9)
FNDA:4,(anonymous_10)
DA:60,1
DA:61,1
DA:67,4
DA:86,0
DA:89,6
DA:90,6
DA:92,4
DA:93,4
DA:95,0
DA:99,2
DA:100,2
DA:103,4
DA:107,2
DA:108,2
DA:120,1
DA:121,1
DA:124,1
DA:125,1
DA:130,4
LF:19
LH:17
BRDA:92,0,0,4
BRDA:92,0,1,0
BRF:2
BRH:1
end_of_record
